stdClass Object
(
    [Fecha] => 
    [Hora] => 08:29:59 AM
    [Archivo] => C:\xampp\htdocs\dashboard\www\SIDARCO\modelo\notificaciones_class.php
    [Linea] => 50
    [Mensaje] => SQLSTATE[42000]: Syntax error or access violation: 1064 You have an error in your SQL syntax; check the manual that corresponds to your MariaDB server version for the right syntax to use near 'ORDER BY id_notificacion DESC' at line 1
)
stdClass Object
(
    [Fecha] => 
    [Hora] => 08:30:05 AM
    [Archivo] => C:\xampp\htdocs\dashboard\www\SIDARCO\modelo\notificaciones_class.php
    [Linea] => 50
    [Mensaje] => SQLSTATE[42000]: Syntax error or access violation: 1064 You have an error in your SQL syntax; check the manual that corresponds to your MariaDB server version for the right syntax to use near 'ORDER BY id_notificacion DESC' at line 1
)
stdClass Object
(
    [Fecha] => 
    [Hora] => 08:30:11 AM
    [Archivo] => C:\xampp\htdocs\dashboard\www\SIDARCO\modelo\notificaciones_class.php
    [Linea] => 50
    [Mensaje] => SQLSTATE[42000]: Syntax error or access violation: 1064 You have an error in your SQL syntax; check the manual that corresponds to your MariaDB server version for the right syntax to use near 'ORDER BY id_notificacion DESC' at line 1
)
stdClass Object
(
    [Fecha] => 
    [Hora] => 08:30:17 AM
    [Archivo] => C:\xampp\htdocs\dashboard\www\SIDARCO\modelo\notificaciones_class.php
    [Linea] => 50
    [Mensaje] => SQLSTATE[42000]: Syntax error or access violation: 1064 You have an error in your SQL syntax; check the manual that corresponds to your MariaDB server version for the right syntax to use near 'ORDER BY id_notificacion DESC' at line 1
)
stdClass Object
(
    [Fecha] => 
    [Hora] => 08:30:23 AM
    [Archivo] => C:\xampp\htdocs\dashboard\www\SIDARCO\modelo\notificaciones_class.php
    [Linea] => 50
    [Mensaje] => SQLSTATE[42000]: Syntax error or access violation: 1064 You have an error in your SQL syntax; check the manual that corresponds to your MariaDB server version for the right syntax to use near 'ORDER BY id_notificacion DESC' at line 1
)
stdClass Object
(
    [Fecha] => 
    [Hora] => 08:30:29 AM
    [Archivo] => C:\xampp\htdocs\dashboard\www\SIDARCO\modelo\notificaciones_class.php
    [Linea] => 50
    [Mensaje] => SQLSTATE[42000]: Syntax error or access violation: 1064 You have an error in your SQL syntax; check the manual that corresponds to your MariaDB server version for the right syntax to use near 'ORDER BY id_notificacion DESC' at line 1
)
stdClass Object
(
    [Fecha] => 
    [Hora] => 08:30:35 AM
    [Archivo] => C:\xampp\htdocs\dashboard\www\SIDARCO\modelo\notificaciones_class.php
    [Linea] => 50
    [Mensaje] => SQLSTATE[42000]: Syntax error or access violation: 1064 You have an error in your SQL syntax; check the manual that corresponds to your MariaDB server version for the right syntax to use near 'ORDER BY id_notificacion DESC' at line 1
)
stdClass Object
(
    [Fecha] => 
    [Hora] => 08:30:41 AM
    [Archivo] => C:\xampp\htdocs\dashboard\www\SIDARCO\modelo\notificaciones_class.php
    [Linea] => 50
    [Mensaje] => SQLSTATE[42000]: Syntax error or access violation: 1064 You have an error in your SQL syntax; check the manual that corresponds to your MariaDB server version for the right syntax to use near 'ORDER BY id_notificacion DESC' at line 1
)
stdClass Object
(
    [Fecha] => 
    [Hora] => 08:30:47 AM
    [Archivo] => C:\xampp\htdocs\dashboard\www\SIDARCO\modelo\notificaciones_class.php
    [Linea] => 50
    [Mensaje] => SQLSTATE[42000]: Syntax error or access violation: 1064 You have an error in your SQL syntax; check the manual that corresponds to your MariaDB server version for the right syntax to use near 'ORDER BY id_notificacion DESC' at line 1
)
stdClass Object
(
    [Fecha] => 
    [Hora] => 08:30:53 AM
    [Archivo] => C:\xampp\htdocs\dashboard\www\SIDARCO\modelo\notificaciones_class.php
    [Linea] => 50
    [Mensaje] => SQLSTATE[42000]: Syntax error or access violation: 1064 You have an error in your SQL syntax; check the manual that corresponds to your MariaDB server version for the right syntax to use near 'ORDER BY id_notificacion DESC' at line 1
)
stdClass Object
(
    [Fecha] => 
    [Hora] => 08:30:59 AM
    [Archivo] => C:\xampp\htdocs\dashboard\www\SIDARCO\modelo\notificaciones_class.php
    [Linea] => 50
    [Mensaje] => SQLSTATE[42000]: Syntax error or access violation: 1064 You have an error in your SQL syntax; check the manual that corresponds to your MariaDB server version for the right syntax to use near 'ORDER BY id_notificacion DESC' at line 1
)
stdClass Object
(
    [Fecha] => 
    [Hora] => 08:31:05 AM
    [Archivo] => C:\xampp\htdocs\dashboard\www\SIDARCO\modelo\notificaciones_class.php
    [Linea] => 50
    [Mensaje] => SQLSTATE[42000]: Syntax error or access violation: 1064 You have an error in your SQL syntax; check the manual that corresponds to your MariaDB server version for the right syntax to use near 'ORDER BY id_notificacion DESC' at line 1
)
stdClass Object
(
    [Fecha] => 
    [Hora] => 08:31:11 AM
    [Archivo] => C:\xampp\htdocs\dashboard\www\SIDARCO\modelo\notificaciones_class.php
    [Linea] => 50
    [Mensaje] => SQLSTATE[42000]: Syntax error or access violation: 1064 You have an error in your SQL syntax; check the manual that corresponds to your MariaDB server version for the right syntax to use near 'ORDER BY id_notificacion DESC' at line 1
)
stdClass Object
(
    [Fecha] => 
    [Hora] => 08:31:17 AM
    [Archivo] => C:\xampp\htdocs\dashboard\www\SIDARCO\modelo\notificaciones_class.php
    [Linea] => 50
    [Mensaje] => SQLSTATE[42000]: Syntax error or access violation: 1064 You have an error in your SQL syntax; check the manual that corresponds to your MariaDB server version for the right syntax to use near 'ORDER BY id_notificacion DESC' at line 1
)
stdClass Object
(
    [Fecha] => 
    [Hora] => 08:31:23 AM
    [Archivo] => C:\xampp\htdocs\dashboard\www\SIDARCO\modelo\notificaciones_class.php
    [Linea] => 50
    [Mensaje] => SQLSTATE[42000]: Syntax error or access violation: 1064 You have an error in your SQL syntax; check the manual that corresponds to your MariaDB server version for the right syntax to use near 'ORDER BY id_notificacion DESC' at line 1
)
stdClass Object
(
    [Fecha] => 
    [Hora] => 08:31:29 AM
    [Archivo] => C:\xampp\htdocs\dashboard\www\SIDARCO\modelo\notificaciones_class.php
    [Linea] => 50
    [Mensaje] => SQLSTATE[42000]: Syntax error or access violation: 1064 You have an error in your SQL syntax; check the manual that corresponds to your MariaDB server version for the right syntax to use near 'ORDER BY id_notificacion DESC' at line 1
)
stdClass Object
(
    [Fecha] => 
    [Hora] => 08:31:35 AM
    [Archivo] => C:\xampp\htdocs\dashboard\www\SIDARCO\modelo\notificaciones_class.php
    [Linea] => 50
    [Mensaje] => SQLSTATE[42000]: Syntax error or access violation: 1064 You have an error in your SQL syntax; check the manual that corresponds to your MariaDB server version for the right syntax to use near 'ORDER BY id_notificacion DESC' at line 1
)
stdClass Object
(
    [Fecha] => 
    [Hora] => 08:31:41 AM
    [Archivo] => C:\xampp\htdocs\dashboard\www\SIDARCO\modelo\notificaciones_class.php
    [Linea] => 50
    [Mensaje] => SQLSTATE[42000]: Syntax error or access violation: 1064 You have an error in your SQL syntax; check the manual that corresponds to your MariaDB server version for the right syntax to use near 'ORDER BY id_notificacion DESC' at line 1
)
stdClass Object
(
    [Fecha] => 
    [Hora] => 08:31:47 AM
    [Archivo] => C:\xampp\htdocs\dashboard\www\SIDARCO\modelo\notificaciones_class.php
    [Linea] => 50
    [Mensaje] => SQLSTATE[42000]: Syntax error or access violation: 1064 You have an error in your SQL syntax; check the manual that corresponds to your MariaDB server version for the right syntax to use near 'ORDER BY id_notificacion DESC' at line 1
)
stdClass Object
(
    [Fecha] => 
    [Hora] => 08:31:53 AM
    [Archivo] => C:\xampp\htdocs\dashboard\www\SIDARCO\modelo\notificaciones_class.php
    [Linea] => 50
    [Mensaje] => SQLSTATE[42000]: Syntax error or access violation: 1064 You have an error in your SQL syntax; check the manual that corresponds to your MariaDB server version for the right syntax to use near 'ORDER BY id_notificacion DESC' at line 1
)
stdClass Object
(
    [Fecha] => 
    [Hora] => 08:31:58 AM
    [Archivo] => C:\xampp\htdocs\dashboard\www\SIDARCO\modelo\notificaciones_class.php
    [Linea] => 50
    [Mensaje] => SQLSTATE[42000]: Syntax error or access violation: 1064 You have an error in your SQL syntax; check the manual that corresponds to your MariaDB server version for the right syntax to use near 'ORDER BY id_notificacion DESC' at line 1
)
stdClass Object
(
    [Fecha] => 
    [Hora] => 08:32:04 AM
    [Archivo] => C:\xampp\htdocs\dashboard\www\SIDARCO\modelo\notificaciones_class.php
    [Linea] => 50
    [Mensaje] => SQLSTATE[42000]: Syntax error or access violation: 1064 You have an error in your SQL syntax; check the manual that corresponds to your MariaDB server version for the right syntax to use near 'ORDER BY id_notificacion DESC' at line 1
)
stdClass Object
(
    [Fecha] => 
    [Hora] => 08:32:11 AM
    [Archivo] => C:\xampp\htdocs\dashboard\www\SIDARCO\modelo\notificaciones_class.php
    [Linea] => 50
    [Mensaje] => SQLSTATE[42000]: Syntax error or access violation: 1064 You have an error in your SQL syntax; check the manual that corresponds to your MariaDB server version for the right syntax to use near 'ORDER BY id_notificacion DESC' at line 1
)
stdClass Object
(
    [Fecha] => 
    [Hora] => 08:32:16 AM
    [Archivo] => C:\xampp\htdocs\dashboard\www\SIDARCO\modelo\notificaciones_class.php
    [Linea] => 50
    [Mensaje] => SQLSTATE[42000]: Syntax error or access violation: 1064 You have an error in your SQL syntax; check the manual that corresponds to your MariaDB server version for the right syntax to use near 'ORDER BY id_notificacion DESC' at line 1
)
stdClass Object
(
    [Fecha] => 
    [Hora] => 08:32:22 AM
    [Archivo] => C:\xampp\htdocs\dashboard\www\SIDARCO\modelo\notificaciones_class.php
    [Linea] => 50
    [Mensaje] => SQLSTATE[42000]: Syntax error or access violation: 1064 You have an error in your SQL syntax; check the manual that corresponds to your MariaDB server version for the right syntax to use near 'ORDER BY id_notificacion DESC' at line 1
)
stdClass Object
(
    [Fecha] => 
    [Hora] => 08:32:28 AM
    [Archivo] => C:\xampp\htdocs\dashboard\www\SIDARCO\modelo\notificaciones_class.php
    [Linea] => 50
    [Mensaje] => SQLSTATE[42000]: Syntax error or access violation: 1064 You have an error in your SQL syntax; check the manual that corresponds to your MariaDB server version for the right syntax to use near 'ORDER BY id_notificacion DESC' at line 1
)
stdClass Object
(
    [Fecha] => 
    [Hora] => 08:32:34 AM
    [Archivo] => C:\xampp\htdocs\dashboard\www\SIDARCO\modelo\notificaciones_class.php
    [Linea] => 50
    [Mensaje] => SQLSTATE[42000]: Syntax error or access violation: 1064 You have an error in your SQL syntax; check the manual that corresponds to your MariaDB server version for the right syntax to use near 'ORDER BY id_notificacion DESC' at line 1
)
stdClass Object
(
    [Fecha] => 
    [Hora] => 08:32:40 AM
    [Archivo] => C:\xampp\htdocs\dashboard\www\SIDARCO\modelo\notificaciones_class.php
    [Linea] => 50
    [Mensaje] => SQLSTATE[42000]: Syntax error or access violation: 1064 You have an error in your SQL syntax; check the manual that corresponds to your MariaDB server version for the right syntax to use near 'ORDER BY id_notificacion DESC' at line 1
)
stdClass Object
(
    [Fecha] => 
    [Hora] => 08:32:46 AM
    [Archivo] => C:\xampp\htdocs\dashboard\www\SIDARCO\modelo\notificaciones_class.php
    [Linea] => 50
    [Mensaje] => SQLSTATE[42000]: Syntax error or access violation: 1064 You have an error in your SQL syntax; check the manual that corresponds to your MariaDB server version for the right syntax to use near 'ORDER BY id_notificacion DESC' at line 1
)
stdClass Object
(
    [Fecha] => 
    [Hora] => 08:32:52 AM
    [Archivo] => C:\xampp\htdocs\dashboard\www\SIDARCO\modelo\notificaciones_class.php
    [Linea] => 50
    [Mensaje] => SQLSTATE[42000]: Syntax error or access violation: 1064 You have an error in your SQL syntax; check the manual that corresponds to your MariaDB server version for the right syntax to use near 'ORDER BY id_notificacion DESC' at line 1
)
stdClass Object
(
    [Fecha] => 
    [Hora] => 08:32:58 AM
    [Archivo] => C:\xampp\htdocs\dashboard\www\SIDARCO\modelo\notificaciones_class.php
    [Linea] => 50
    [Mensaje] => SQLSTATE[42000]: Syntax error or access violation: 1064 You have an error in your SQL syntax; check the manual that corresponds to your MariaDB server version for the right syntax to use near 'ORDER BY id_notificacion DESC' at line 1
)
stdClass Object
(
    [Fecha] => 
    [Hora] => 08:33:04 AM
    [Archivo] => C:\xampp\htdocs\dashboard\www\SIDARCO\modelo\notificaciones_class.php
    [Linea] => 50
    [Mensaje] => SQLSTATE[42000]: Syntax error or access violation: 1064 You have an error in your SQL syntax; check the manual that corresponds to your MariaDB server version for the right syntax to use near 'ORDER BY id_notificacion DESC' at line 1
)
stdClass Object
(
    [Fecha] => 
    [Hora] => 08:33:10 AM
    [Archivo] => C:\xampp\htdocs\dashboard\www\SIDARCO\modelo\notificaciones_class.php
    [Linea] => 50
    [Mensaje] => SQLSTATE[42000]: Syntax error or access violation: 1064 You have an error in your SQL syntax; check the manual that corresponds to your MariaDB server version for the right syntax to use near 'ORDER BY id_notificacion DESC' at line 1
)
stdClass Object
(
    [Fecha] => 
    [Hora] => 08:33:16 AM
    [Archivo] => C:\xampp\htdocs\dashboard\www\SIDARCO\modelo\notificaciones_class.php
    [Linea] => 50
    [Mensaje] => SQLSTATE[42000]: Syntax error or access violation: 1064 You have an error in your SQL syntax; check the manual that corresponds to your MariaDB server version for the right syntax to use near 'ORDER BY id_notificacion DESC' at line 1
)
stdClass Object
(
    [Fecha] => 
    [Hora] => 08:33:22 AM
    [Archivo] => C:\xampp\htdocs\dashboard\www\SIDARCO\modelo\notificaciones_class.php
    [Linea] => 50
    [Mensaje] => SQLSTATE[42000]: Syntax error or access violation: 1064 You have an error in your SQL syntax; check the manual that corresponds to your MariaDB server version for the right syntax to use near 'ORDER BY id_notificacion DESC' at line 1
)
stdClass Object
(
    [Fecha] => 
    [Hora] => 08:33:28 AM
    [Archivo] => C:\xampp\htdocs\dashboard\www\SIDARCO\modelo\notificaciones_class.php
    [Linea] => 50
    [Mensaje] => SQLSTATE[42000]: Syntax error or access violation: 1064 You have an error in your SQL syntax; check the manual that corresponds to your MariaDB server version for the right syntax to use near 'ORDER BY id_notificacion DESC' at line 1
)
stdClass Object
(
    [Fecha] => 
    [Hora] => 08:33:34 AM
    [Archivo] => C:\xampp\htdocs\dashboard\www\SIDARCO\modelo\notificaciones_class.php
    [Linea] => 50
    [Mensaje] => SQLSTATE[42000]: Syntax error or access violation: 1064 You have an error in your SQL syntax; check the manual that corresponds to your MariaDB server version for the right syntax to use near 'ORDER BY id_notificacion DESC' at line 1
)
stdClass Object
(
    [Fecha] => 
    [Hora] => 08:33:40 AM
    [Archivo] => C:\xampp\htdocs\dashboard\www\SIDARCO\modelo\notificaciones_class.php
    [Linea] => 50
    [Mensaje] => SQLSTATE[42000]: Syntax error or access violation: 1064 You have an error in your SQL syntax; check the manual that corresponds to your MariaDB server version for the right syntax to use near 'ORDER BY id_notificacion DESC' at line 1
)
stdClass Object
(
    [Fecha] => 
    [Hora] => 08:33:46 AM
    [Archivo] => C:\xampp\htdocs\dashboard\www\SIDARCO\modelo\notificaciones_class.php
    [Linea] => 50
    [Mensaje] => SQLSTATE[42000]: Syntax error or access violation: 1064 You have an error in your SQL syntax; check the manual that corresponds to your MariaDB server version for the right syntax to use near 'ORDER BY id_notificacion DESC' at line 1
)
stdClass Object
(
    [Fecha] => 
    [Hora] => 08:33:52 AM
    [Archivo] => C:\xampp\htdocs\dashboard\www\SIDARCO\modelo\notificaciones_class.php
    [Linea] => 50
    [Mensaje] => SQLSTATE[42000]: Syntax error or access violation: 1064 You have an error in your SQL syntax; check the manual that corresponds to your MariaDB server version for the right syntax to use near 'ORDER BY id_notificacion DESC' at line 1
)
stdClass Object
(
    [Fecha] => 
    [Hora] => 08:33:58 AM
    [Archivo] => C:\xampp\htdocs\dashboard\www\SIDARCO\modelo\notificaciones_class.php
    [Linea] => 50
    [Mensaje] => SQLSTATE[42000]: Syntax error or access violation: 1064 You have an error in your SQL syntax; check the manual that corresponds to your MariaDB server version for the right syntax to use near 'ORDER BY id_notificacion DESC' at line 1
)
stdClass Object
(
    [Fecha] => 
    [Hora] => 08:34:04 AM
    [Archivo] => C:\xampp\htdocs\dashboard\www\SIDARCO\modelo\notificaciones_class.php
    [Linea] => 50
    [Mensaje] => SQLSTATE[42000]: Syntax error or access violation: 1064 You have an error in your SQL syntax; check the manual that corresponds to your MariaDB server version for the right syntax to use near 'ORDER BY id_notificacion DESC' at line 1
)
stdClass Object
(
    [Fecha] => 
    [Hora] => 08:34:10 AM
    [Archivo] => C:\xampp\htdocs\dashboard\www\SIDARCO\modelo\notificaciones_class.php
    [Linea] => 50
    [Mensaje] => SQLSTATE[42000]: Syntax error or access violation: 1064 You have an error in your SQL syntax; check the manual that corresponds to your MariaDB server version for the right syntax to use near 'ORDER BY id_notificacion DESC' at line 1
)
stdClass Object
(
    [Fecha] => 
    [Hora] => 08:34:16 AM
    [Archivo] => C:\xampp\htdocs\dashboard\www\SIDARCO\modelo\notificaciones_class.php
    [Linea] => 50
    [Mensaje] => SQLSTATE[42000]: Syntax error or access violation: 1064 You have an error in your SQL syntax; check the manual that corresponds to your MariaDB server version for the right syntax to use near 'ORDER BY id_notificacion DESC' at line 1
)
stdClass Object
(
    [Fecha] => 
    [Hora] => 08:34:22 AM
    [Archivo] => C:\xampp\htdocs\dashboard\www\SIDARCO\modelo\notificaciones_class.php
    [Linea] => 50
    [Mensaje] => SQLSTATE[42000]: Syntax error or access violation: 1064 You have an error in your SQL syntax; check the manual that corresponds to your MariaDB server version for the right syntax to use near 'ORDER BY id_notificacion DESC' at line 1
)
stdClass Object
(
    [Fecha] => 
    [Hora] => 08:34:28 AM
    [Archivo] => C:\xampp\htdocs\dashboard\www\SIDARCO\modelo\notificaciones_class.php
    [Linea] => 50
    [Mensaje] => SQLSTATE[42000]: Syntax error or access violation: 1064 You have an error in your SQL syntax; check the manual that corresponds to your MariaDB server version for the right syntax to use near 'ORDER BY id_notificacion DESC' at line 1
)
stdClass Object
(
    [Fecha] => 
    [Hora] => 08:34:34 AM
    [Archivo] => C:\xampp\htdocs\dashboard\www\SIDARCO\modelo\notificaciones_class.php
    [Linea] => 50
    [Mensaje] => SQLSTATE[42000]: Syntax error or access violation: 1064 You have an error in your SQL syntax; check the manual that corresponds to your MariaDB server version for the right syntax to use near 'ORDER BY id_notificacion DESC' at line 1
)
stdClass Object
(
    [Fecha] => 
    [Hora] => 08:34:40 AM
    [Archivo] => C:\xampp\htdocs\dashboard\www\SIDARCO\modelo\notificaciones_class.php
    [Linea] => 50
    [Mensaje] => SQLSTATE[42000]: Syntax error or access violation: 1064 You have an error in your SQL syntax; check the manual that corresponds to your MariaDB server version for the right syntax to use near 'ORDER BY id_notificacion DESC' at line 1
)
stdClass Object
(
    [Fecha] => 
    [Hora] => 08:34:46 AM
    [Archivo] => C:\xampp\htdocs\dashboard\www\SIDARCO\modelo\notificaciones_class.php
    [Linea] => 50
    [Mensaje] => SQLSTATE[42000]: Syntax error or access violation: 1064 You have an error in your SQL syntax; check the manual that corresponds to your MariaDB server version for the right syntax to use near 'ORDER BY id_notificacion DESC' at line 1
)
stdClass Object
(
    [Fecha] => 
    [Hora] => 08:34:52 AM
    [Archivo] => C:\xampp\htdocs\dashboard\www\SIDARCO\modelo\notificaciones_class.php
    [Linea] => 50
    [Mensaje] => SQLSTATE[42000]: Syntax error or access violation: 1064 You have an error in your SQL syntax; check the manual that corresponds to your MariaDB server version for the right syntax to use near 'ORDER BY id_notificacion DESC' at line 1
)
stdClass Object
(
    [Fecha] => 
    [Hora] => 08:34:58 AM
    [Archivo] => C:\xampp\htdocs\dashboard\www\SIDARCO\modelo\notificaciones_class.php
    [Linea] => 50
    [Mensaje] => SQLSTATE[42000]: Syntax error or access violation: 1064 You have an error in your SQL syntax; check the manual that corresponds to your MariaDB server version for the right syntax to use near 'ORDER BY id_notificacion DESC' at line 1
)
stdClass Object
(
    [Fecha] => 
    [Hora] => 08:35:04 AM
    [Archivo] => C:\xampp\htdocs\dashboard\www\SIDARCO\modelo\notificaciones_class.php
    [Linea] => 50
    [Mensaje] => SQLSTATE[42000]: Syntax error or access violation: 1064 You have an error in your SQL syntax; check the manual that corresponds to your MariaDB server version for the right syntax to use near 'ORDER BY id_notificacion DESC' at line 1
)
stdClass Object
(
    [Fecha] => 
    [Hora] => 08:35:10 AM
    [Archivo] => C:\xampp\htdocs\dashboard\www\SIDARCO\modelo\notificaciones_class.php
    [Linea] => 50
    [Mensaje] => SQLSTATE[42000]: Syntax error or access violation: 1064 You have an error in your SQL syntax; check the manual that corresponds to your MariaDB server version for the right syntax to use near 'ORDER BY id_notificacion DESC' at line 1
)
stdClass Object
(
    [Fecha] => 
    [Hora] => 08:35:16 AM
    [Archivo] => C:\xampp\htdocs\dashboard\www\SIDARCO\modelo\notificaciones_class.php
    [Linea] => 50
    [Mensaje] => SQLSTATE[42000]: Syntax error or access violation: 1064 You have an error in your SQL syntax; check the manual that corresponds to your MariaDB server version for the right syntax to use near 'ORDER BY id_notificacion DESC' at line 1
)
stdClass Object
(
    [Fecha] => 
    [Hora] => 08:35:22 AM
    [Archivo] => C:\xampp\htdocs\dashboard\www\SIDARCO\modelo\notificaciones_class.php
    [Linea] => 50
    [Mensaje] => SQLSTATE[42000]: Syntax error or access violation: 1064 You have an error in your SQL syntax; check the manual that corresponds to your MariaDB server version for the right syntax to use near 'ORDER BY id_notificacion DESC' at line 1
)
stdClass Object
(
    [Fecha] => 
    [Hora] => 08:35:34 AM
    [Archivo] => C:\xampp\htdocs\dashboard\www\SIDARCO\modelo\notificaciones_class.php
    [Linea] => 50
    [Mensaje] => SQLSTATE[42000]: Syntax error or access violation: 1064 You have an error in your SQL syntax; check the manual that corresponds to your MariaDB server version for the right syntax to use near 'ORDER BY id_notificacion DESC' at line 1
)
stdClass Object
(
    [Fecha] => 
    [Hora] => 08:35:40 AM
    [Archivo] => C:\xampp\htdocs\dashboard\www\SIDARCO\modelo\notificaciones_class.php
    [Linea] => 50
    [Mensaje] => SQLSTATE[42000]: Syntax error or access violation: 1064 You have an error in your SQL syntax; check the manual that corresponds to your MariaDB server version for the right syntax to use near 'ORDER BY id_notificacion DESC' at line 1
)
stdClass Object
(
    [Fecha] => 
    [Hora] => 08:35:46 AM
    [Archivo] => C:\xampp\htdocs\dashboard\www\SIDARCO\modelo\notificaciones_class.php
    [Linea] => 50
    [Mensaje] => SQLSTATE[42000]: Syntax error or access violation: 1064 You have an error in your SQL syntax; check the manual that corresponds to your MariaDB server version for the right syntax to use near 'ORDER BY id_notificacion DESC' at line 1
)
stdClass Object
(
    [Fecha] => 
    [Hora] => 08:35:52 AM
    [Archivo] => C:\xampp\htdocs\dashboard\www\SIDARCO\modelo\notificaciones_class.php
    [Linea] => 50
    [Mensaje] => SQLSTATE[42000]: Syntax error or access violation: 1064 You have an error in your SQL syntax; check the manual that corresponds to your MariaDB server version for the right syntax to use near 'ORDER BY id_notificacion DESC' at line 1
)
stdClass Object
(
    [Fecha] => 
    [Hora] => 08:35:58 AM
    [Archivo] => C:\xampp\htdocs\dashboard\www\SIDARCO\modelo\notificaciones_class.php
    [Linea] => 50
    [Mensaje] => SQLSTATE[42000]: Syntax error or access violation: 1064 You have an error in your SQL syntax; check the manual that corresponds to your MariaDB server version for the right syntax to use near 'ORDER BY id_notificacion DESC' at line 1
)
stdClass Object
(
    [Fecha] => 
    [Hora] => 08:36:04 AM
    [Archivo] => C:\xampp\htdocs\dashboard\www\SIDARCO\modelo\notificaciones_class.php
    [Linea] => 50
    [Mensaje] => SQLSTATE[42000]: Syntax error or access violation: 1064 You have an error in your SQL syntax; check the manual that corresponds to your MariaDB server version for the right syntax to use near 'ORDER BY id_notificacion DESC' at line 1
)
stdClass Object
(
    [Fecha] => 
    [Hora] => 08:36:10 AM
    [Archivo] => C:\xampp\htdocs\dashboard\www\SIDARCO\modelo\notificaciones_class.php
    [Linea] => 50
    [Mensaje] => SQLSTATE[42000]: Syntax error or access violation: 1064 You have an error in your SQL syntax; check the manual that corresponds to your MariaDB server version for the right syntax to use near 'ORDER BY id_notificacion DESC' at line 1
)
stdClass Object
(
    [Fecha] => 
    [Hora] => 08:36:16 AM
    [Archivo] => C:\xampp\htdocs\dashboard\www\SIDARCO\modelo\notificaciones_class.php
    [Linea] => 50
    [Mensaje] => SQLSTATE[42000]: Syntax error or access violation: 1064 You have an error in your SQL syntax; check the manual that corresponds to your MariaDB server version for the right syntax to use near 'ORDER BY id_notificacion DESC' at line 1
)
stdClass Object
(
    [Fecha] => 
    [Hora] => 08:36:22 AM
    [Archivo] => C:\xampp\htdocs\dashboard\www\SIDARCO\modelo\notificaciones_class.php
    [Linea] => 50
    [Mensaje] => SQLSTATE[42000]: Syntax error or access violation: 1064 You have an error in your SQL syntax; check the manual that corresponds to your MariaDB server version for the right syntax to use near 'ORDER BY id_notificacion DESC' at line 1
)
